Build started 17/03/2016 12:58:45 a.m..
     1>Project "F:\ExternoKoppernikus\Documentos\POpenCV\Ejemplo1\Ejemplo1\Ejemplo1.vcxproj" on node 2 (Build target(s)).
     1>Link:
         C:\Program Files (x86)\Microsoft Visual Studio 12.0\VC\bin\link.exe /ERRORREPORT:PROMPT /OUT:"F:\ExternoKoppernikus\Documentos\POpenCV\Ejemplo1\Debug\Ejemplo1.exe" /INCREMENTAL /NOLOGO /LIBPATH:C:\opencv\build\x64\vc12\x64\vc12\lib opencv_world310d.lib kernel32.lib user32.lib gdi32.lib winspool.lib comdlg32.lib advapi32.lib shell32.lib ole32.lib oleaut32.lib uuid.lib odbc32.lib odbccp32.lib /MANIFEST /MANIFESTUAC:"level='asInvoker' uiAccess='false'" /manifest:embed /DEBUG /PDB:"F:\ExternoKoppernikus\Documentos\POpenCV\Ejemplo1\Debug\Ejemplo1.pdb" /SUBSYSTEM:CONSOLE /TLBID:1 /DYNAMICBASE /NXCOMPAT /IMPLIB:"F:\ExternoKoppernikus\Documentos\POpenCV\Ejemplo1\Debug\Ejemplo1.lib" /MACHINE:X86 Debug\Ejemplo1.obj
     1>LINK : fatal error LNK1104: cannot open file 'opencv_world310d.lib'
     1>Done Building Project "F:\ExternoKoppernikus\Documentos\POpenCV\Ejemplo1\Ejemplo1\Ejemplo1.vcxproj" (Build target(s)) -- FAILED.

Build FAILED.

Time Elapsed 00:00:00.30
